2024-05-25 07:20:10.984 INFO [main #0] Recording logs to  C:\terminals\extra\user_settings\extraterm.log
2024-05-25 07:20:11.439 INFO [main #0] User extension directory is: C:\terminals\extra\user_settings\extensions 
2024-05-25 07:20:11.440 INFO [ExtensionManager #0] Scanning 'C:\terminals\extra\extensions' for extensions. 
2024-05-25 07:20:11.444 INFO [ExtensionManager #0] Read extension metadata from 'C:\terminals\extra\extensions\About'. 
2024-05-25 07:20:11.447 INFO [ExtensionManager #0] Read extension metadata from 'C:\terminals\extra\extensions\Autocomplete'. 
2024-05-25 07:20:11.448 INFO [ExtensionManager #0] Read extension metadata from 'C:\terminals\extra\extensions\Autolink'. 
2024-05-25 07:20:11.449 INFO [ExtensionManager #0] Read extension metadata from 'C:\terminals\extra\extensions\Colorizer'. 
2024-05-25 07:20:11.450 INFO [ExtensionManager #0] Read extension metadata from 'C:\terminals\extra\extensions\CommunityTerminalThemes'. 
2024-05-25 07:20:11.451 INFO [ExtensionManager #0] Read extension metadata from 'C:\terminals\extra\extensions\CopyBlock'. 
2024-05-25 07:20:11.453 INFO [ExtensionManager #0] Read extension metadata from 'C:\terminals\extra\extensions\CopyLink'. 
2024-05-25 07:20:11.453 INFO [ExtensionManager #0] Read extension metadata from 'C:\terminals\extra\extensions\DefaultKeybindings'. 
2024-05-25 07:20:11.454 INFO [ExtensionManager #0] Read extension metadata from 'C:\terminals\extra\extensions\DefaultTerminalTheme'. 
2024-05-25 07:20:11.455 INFO [ExtensionManager #0] Read extension metadata from 'C:\terminals\extra\extensions\DirectoryCommands'. 
2024-05-25 07:20:11.456 INFO [ExtensionManager #0] Read extension metadata from 'C:\terminals\extra\extensions\DownloadBlock'. 
2024-05-25 07:20:11.457 INFO [ExtensionManager #0] Read extension metadata from 'C:\terminals\extra\extensions\Find'. 
2024-05-25 07:20:11.459 INFO [ExtensionManager #0] Read extension metadata from 'C:\terminals\extra\extensions\ImageBlock'. 
2024-05-25 07:20:11.461 INFO [ExtensionManager #0] Read extension metadata from 'C:\terminals\extra\extensions\InjectShellIntegration'. 
2024-05-25 07:20:11.462 INFO [ExtensionManager #0] Read extension metadata from 'C:\terminals\extra\extensions\InsertEmoji'. 
2024-05-25 07:20:11.465 INFO [ExtensionManager #0] Read extension metadata from 'C:\terminals\extra\extensions\InternalCommands'. 
2024-05-25 07:20:11.466 INFO [ExtensionManager #0] Read extension metadata from 'C:\terminals\extra\extensions\ITermColorsTerminalThemeProvider'. 
2024-05-25 07:20:11.467 INFO [ExtensionManager #0] Read extension metadata from 'C:\terminals\extra\extensions\OpenLink'. 
2024-05-25 07:20:11.468 INFO [ExtensionManager #0] Read extension metadata from 'C:\terminals\extra\extensions\ProxySessionBackend'. 
2024-05-25 07:20:11.469 INFO [ExtensionManager #0] Read extension metadata from 'C:\terminals\extra\extensions\ProxySessionEditor'. 
2024-05-25 07:20:11.470 INFO [ExtensionManager #0] Read extension metadata from 'C:\terminals\extra\extensions\StyleGuide'. 
2024-05-25 07:20:11.472 INFO [ExtensionManager #0] Read extension metadata from 'C:\terminals\extra\extensions\TerminalTitle'. 
2024-05-25 07:20:11.473 INFO [ExtensionManager #0] Read extension metadata from 'C:\terminals\extra\extensions\Tips'. 
2024-05-25 07:20:11.474 INFO [ExtensionManager #0] Read extension metadata from 'C:\terminals\extra\extensions\TLDRPages'. 
2024-05-25 07:20:11.475 INFO [ExtensionManager #0] Read extension metadata from 'C:\terminals\extra\extensions\UpdateChecker'. 
2024-05-25 07:20:11.476 INFO [ExtensionManager #0] Read extension metadata from 'C:\terminals\extra\extensions\WindowsConsoleSessionBackend'. 
2024-05-25 07:20:11.477 INFO [ExtensionManager #0] Read extension metadata from 'C:\terminals\extra\extensions\WindowsConsoleSessionEditor'. 
2024-05-25 07:20:11.478 INFO [ExtensionManager #0] Starting extension 'about' 
2024-05-25 07:20:11.496 INFO [ExtensionManager #0] Starting extension 'autocomplete' 
2024-05-25 07:20:11.498 INFO [ExtensionManager #0] Starting extension 'autolink' 
2024-05-25 07:20:11.500 INFO [ExtensionManager #0] Starting extension 'colorizer' 
2024-05-25 07:20:11.507 INFO [ExtensionManager #0] Starting extension 'community-terminal-themes' 
2024-05-25 07:20:11.507 INFO [ExtensionManager #0] Starting extension 'copy-block' 
2024-05-25 07:20:11.510 INFO [ExtensionManager #0] Starting extension 'copy-link' 
2024-05-25 07:20:11.512 INFO [ExtensionManager #0] Starting extension 'default-keybindings' 
2024-05-25 07:20:11.513 INFO [ExtensionManager #0] Starting extension 'default-terminal-theme' 
2024-05-25 07:20:11.513 INFO [ExtensionManager #0] Starting extension 'directory-commands' 
2024-05-25 07:20:11.514 INFO [ExtensionManager #0] Starting extension 'download-block' 
2024-05-25 07:20:11.528 INFO [ExtensionManager #0] Starting extension 'find' 
2024-05-25 07:20:11.532 INFO [ExtensionManager #0] Starting extension 'image-block' 
2024-05-25 07:20:11.536 INFO [ExtensionManager #0] Starting extension 'inject-shell-integration' 
2024-05-25 07:20:11.536 INFO [ExtensionManager #0] Starting extension 'insert-emoji' 
2024-05-25 07:20:11.543 INFO [ExtensionManager #0] Starting extension 'internal-commands' 
2024-05-25 07:20:11.543 INFO [ExtensionManager #0] Starting extension 'itermcolors-terminal-theme-provider' 
2024-05-25 07:20:11.553 DEBUG [itermcolors-terminal-theme-provider] ITermColorTerminalThemeProvider activating 
2024-05-25 07:20:11.554 INFO [ExtensionManager #0] Starting extension 'open-link' 
2024-05-25 07:20:11.555 INFO [ExtensionManager #0] Starting extension 'proxy-session-backend' 
2024-05-25 07:20:11.684 INFO [ExtensionManager #0] Starting extension 'proxy-session-editor' 
2024-05-25 07:20:11.687 INFO [proxy-session-editor] ProxySessionEditorExtension activate 
2024-05-25 07:20:11.692 INFO [ExtensionManager #0] Starting extension 'styleguide' 
2024-05-25 07:20:11.693 WARN [ExtensionManager #0] Unable to load C:\terminals\extra\extensions\StyleGuide\dist\StyleGuideExtension.cjs. Error [ERR_MODULE_NOT_FOUND]: Cannot find module 'C:\terminals\extra\extensions\StyleGuide\dist\StyleGuideExtension.cjs' imported from C:\terminals\extra\main\dist\main.cjs 
2024-05-25 07:20:11.693 INFO [ExtensionManager #0] Starting extension 'terminal-title' 
2024-05-25 07:20:11.703 INFO [ExtensionManager #0] Starting extension 'tips' 
2024-05-25 07:20:11.707 INFO [ExtensionManager #0] Starting extension 'tldr-pages' 
2024-05-25 07:20:11.710 INFO [ExtensionManager #0] Starting extension 'update-checker' 
2024-05-25 07:20:11.718 INFO [ExtensionManager #0] Starting extension 'windows-console-session-backend' 
2024-05-25 07:20:11.733 INFO [ExtensionManager #0] Starting extension 'windows-console-session-editor' 
2024-05-25 07:20:11.760 WARN [ConfigDatabase #0] Unable to find config for key  system
2024-05-25 07:20:12.481 INFO [LocalHttpServer #0] Local HTTP IPC server running on http://127.0.0.1:12540/f92b92128603e2e79cf49295566a3e9d 
2024-05-25 07:20:43.197 WARN [windows-console-session-backend] Program 'nu' couldn't be executed, falling back to 'cmd.exe'. 
2024-05-25 07:22:30.840 DEBUG [proxy-session-backend] serverPath: /mnt/c/terminals/extra/extensions/ProxySessionBackend/dist/extraterm-wsl-proxy 
2024-05-25 07:22:31.261 WARN [proxy-session-backend] ptyproxy process stderr:  2024/05/25 09:22:31 Starting WSL process: argv: ['Nushell', '-l', '--interactive'], cwd: '/mnt/c/terminals/extra', env: ['WSL_DISTRO_NAME=Debian', 'WSL_INTEROP=/run/WSL/66759_interop', 'WAYLAND_DISPLAY=wayland-0', 'XDG_RUNTIME_DIR=/run/user/1000/', '_=/mnt/c/terminals/extra/extensions/ProxySessionBackend/dist/extraterm-wsl-proxy', 'LC_EXTRATERM_COOKIE=b7224d675909f3a35b88', 'NAME=Mushu', 'HOME=/home/wss', 'SHLVL=0', 'PATH=/usr/local/sbin:/usr/local/bin:/usr/sbin:/usr/bin:/sbin:/bin:/usr/games:/usr/local/games:/usr/lib/wsl/lib:/mnt/c/terminals/extra/main/resources/list-fonts-json-binary/win32-x64:/mnt/c/terminals/extra/node_modules/@nodegui/nodegui/miniqt/6.6.0/msvc2019_64/bin:/mnt/c/terminals/extra/node_modules/@nodegui/nodegui/miniqt/6.6.0/msvc2019_64/plugins/iconengines:/mnt/c/terminals/extra/node_modules/@nodegui/nodegui/miniqt/6.6.0/msvc2019_64/plugins/imageformats:/mnt/c/terminals/extra/node_modules/@nodegui/nodegui/miniqt/6.6.0/msvc2019_64/plugins/platforms:/mnt/c/terminals/extra/node_modules/@nodegui/nodegui/miniqt/6.6.0/msvc2019_64/plugins/styles:/mnt/c/Program Files/Microsoft SDKs/Azure/CLI2/wbin:/mnt/c/Program Files/NVIDIA GPU Computing Toolkit/CUDA/v10.1/bin:/mnt/c/Program Files/NVIDIA GPU Computing Toolkit/CUDA/v10.1/libnvvp:/mnt/c/Program Files/NVIDIA GPU Computing Toolkit/CUDA/v12.2/bin:/mnt/c/Program Files/NVIDIA GPU Computing Toolkit/CUDA/v12.2/libnvvp:/mnt/c/Program Files/Microsoft/jdk-17.0.7.7-hotspot/bin:/mnt/c/Program Files (x86)/Common Files/Oracle/Java/javapath:/mnt/c/Program Files/AdoptOpenJDK/jdk-15.0.1.9-hotspot/bin:/mnt/c/Program Files (x86)/Common Files/Intel/Shared Libraries/redist/intel64/compiler:/mnt/c/Windows/system32:/mnt/c/Windows:/mnt/c/Windows/System32/Wbem:/mnt/c/Windows/System32/WindowsPowerShell/v1.0/:/mnt/c/Windows/System32/OpenSSH/:/mnt/c/Program Files (x86)/NVIDIA Corporation/PhysX/Common:/mnt/c/Program Files/NVIDIA Corporation/NVIDIA NvDLISR:/mnt/c/Program Files/dotnet/:/mnt/c/ProgramData/chocolatey/bin:/mnt/c/WINDOWS/system32:/mnt/c/WINDOWS:/mnt/c/WINDOWS/System32/Wbem:/mnt/c/WINDOWS/System32/OpenSSH/:/mnt/c/Program Files/Microsoft SQL Server/130/Tools/Binn/:/mnt/c/Program Files/Microsoft SQL Server/Client SDK/ODBC/170/Tools/Binn/:/mnt/c/Program Files (x86)/Microsoft SQL Server/150/Tools/Binn/:/mnt/c/Program Files/Microsoft SQL Server/150/Tools/Binn/:/mnt/c/Program Files/Microsoft SQL Server/150/DTS/Binn/:/mnt/c/Git/cmd:/mnt/c/Program Files (x86)/Windows Kits/10/Windows Performance Toolkit/:/mnt/c/Program Files/CMake/bin:/mnt/c/Program Files/Git/cmd:/mnt/c/Program Files/Microsoft Visual Studio/2022/Community/VC/Tools/MSVC/14.37.32822/bin/Hostx64/x64:/mnt/c/Program Files/eSpeak NG/:/mnt/c/Program Files/NVIDIA Corporation/Nsight Compute 2019.1/:/mnt/c/Program Files/Graphviz/bin:/mnt/c/ProgramFiles/LLVM/bin:/mnt/c/ProgramData/nvm:/mnt/c/Program Files/nodejs:/mnt/c/Program Files/7-Zip:/mnt/c/Program Files/Amazon/AWSCLIV2/:/mnt/c/Program Files/Docker/Docker/resources/bin:/mnt/c/Program Files/RedHat/Podman/:/mnt/c/Program Files/nodejs/:/mnt/c/Users/sergi/AppData/Local/Programs/Python/Python311/:/mnt/c/Users/sergi/AppData/Local/Programs/Python/Python311/Scripts/:/mnt/c/Program Files/PowerShell/7/:/mnt/c/zig:/mnt/c/terminals/WezTerm:/mnt/c/Program Files/GitHub CLI/:/mnt/c/terminals/extra:/mnt/c/Users/sergi/AppData/Local/Programs/Python/Python311/Scripts/:/mnt/c/Users/sergi/AppData/Local/Programs/Python/Python311/:/mnt/c/Users/sergi/AppData/Local/emsdk:/mnt/c/Users/sergi/AppData/Local/emsdk/upstream/emscripten:/mnt/c/Users/sergi/AppData/Local/pnpm:/mnt/c/Users/sergi/.cargo/bin:/mnt/c/Users/sergi/scoop/shims:/mnt/c/Users/sergi/AppData/Local/Microsoft/WindowsApps:/mnt/c/Users/sergi/AppData/Local/GitHubDesktop/bin:/mnt/c/Program Files/Azure Data Studio/bin:/mnt/c/Users/sergi/AppData/Local/Programs/Microsoft VS Code/bin:/mnt/c/Users/sergi/go/bin:/mnt/c/users/sergi/.local/bin:/mnt/c/Program Files/Java/jre-1.8/bin:/mnt/c/Users/sergi/AppData/Roaming/nvm:/mnt/c/Program Files/OpenSSL-Win64/bin:/mnt/c/vcpkg/vcpkg:/mnt/c/ffmpeg/bin:/mnt/c/Program Files/CMake/bin:/mnt/c/Users/sergi/.nupm:/mnt/c/Program Files/Microsoft Visual Studio/2022/Community/VC/Tools/MSVC/14.37.32822/bin/Hostx64/x64:/mnt/c/pocketnvim:/mnt/c/ProgramFiles/LLVM/bin:/mnt/c/ProgramData/nvm:/mnt/c/Program Files/nodejs:/mnt/c/Program Files/MicroK8s:/mnt/c/Program Files/MicroK8s/kubectl:/mnt/c/Users/sergi/AppData/Roaming/npm:/mnt/c/Users/sergi/.deno/bin:/mnt/c/Program Files/Neovim/bin:/mnt/c/terminals/extra', 'PULSE_SERVER=unix:/mnt/wslg/PulseServer', 'WSL2_GUI_APPS_ENABLED=1', 'LANG=en_US.UTF-8', 'USER=wss', 'WSLENV=', 'HOSTTYPE=x86_64', 'DBUS_SESSION_BUS_ADDRESS=unix:path=/run/user/1000/bus', 'COLORTERM=truecolor', 'SHELL=/bin/bash', 'PWD=/mnt/c/terminals/extra', 'LOGNAME=wss', 'TERM=xterm-256color', 'DISPLAY=:0']

2024-05-25 07:22:31.396 WARN [proxy-session-backend] ptyproxy process stderr:  2024/05/25 09:22:31 Error while starting process 'Nushell'. exec: "Nushell": executable file not found in $PATH
argv: ['Nushell', '-l', '--interactive'], cwd: '/mnt/c/terminals/extra', env: ['WSL_DISTRO_NAME=Debian', 'WSL_INTEROP=/run/WSL/66759_interop', 'WAYLAND_DISPLAY=wayland-0', 'XDG_RUNTIME_DIR=/run/user/1000/', '_=/mnt/c/terminals/extra/extensions/ProxySessionBackend/dist/extraterm-wsl-proxy', 'LC_EXTRATERM_COOKIE=b7224d675909f3a35b88', 'NAME=Mushu', 'HOME=/home/wss', 'SHLVL=0', 'PATH=/usr/local/sbin:/usr/local/bin:/usr/sbin:/usr/bin:/sbin:/bin:/usr/games:/usr/local/games:/usr/lib/wsl/lib:/mnt/c/terminals/extra/main/resources/list-fonts-json-binary/win32-x64:/mnt/c/terminals/extra/node_modules/@nodegui/nodegui/miniqt/6.6.0/msvc2019_64/bin:/mnt/c/terminals/extra/node_modules/@nodegui/nodegui/miniqt/6.6.0/msvc2019_64/plugins/iconengines:/mnt/c/terminals/extra/node_modules/@nodegui/nodegui/miniqt/6.6.0/msvc2019_64/plugins/imageformats:/mnt/c/terminals/extra/node_modules/@nodegui/nodegui/miniqt/6.6.0/msvc2019_64/plugins/platforms:/mnt/c/terminals/extra/node_modules/@nodegui/nodegui/miniqt/6.6.0/msvc2019_64/plugins/styles:/mnt/c/Program Files/Microsoft SDKs/Azure/CLI2/wbin:/mnt/c/Program Files/NVIDIA GPU Computing Toolkit/CUDA/v10.1/bin:/mnt/c/Program Files/NVIDIA GPU Computing Toolkit/CUDA/v10.1/libnvvp:/mnt/c/Program Files/NVIDIA GPU Computing Toolkit/CUDA/v12.2/bin:/mnt/c/Program Files/NVIDIA GPU Computing Toolkit/CUDA/v12.2/libnvvp:/mnt/c/Program Files/Microsoft/jdk-17.0.7.7-hotspot/bin:/mnt/c/Program Files (x86)/Common Files/Oracle/Java/javapath:/mnt/c/Program Files/AdoptOpenJDK/jdk-15.0.1.9-hotspot/bin:/mnt/c/Program Files (x86)/Common Files/Intel/Shared Libraries/redist/intel64/compiler:/mnt/c/Windows/system32:/mnt/c/Windows:/mnt/c/Windows/System32/Wbem:/mnt/c/Windows/System32/WindowsPowerShell/v1.0/:/mnt/c/Windows/System32/OpenSSH/:/mnt/c/Program Files (x86)/NVIDIA Corporation/PhysX/Common:/mnt/c/Program Files/NVIDIA Corporation/NVIDIA NvDLISR:/mnt/c/Program Files/dotnet/:/mnt/c/ProgramData/chocolatey/bin:/mnt/c/WINDOWS/system32:/mnt/c/WINDOWS:/mnt/c/WINDOWS/System32/Wbem:/mnt/c/WINDOWS/System32/OpenSSH/:/mnt/c/Program Files/Microsoft SQL Server/130/Tools/Binn/:/mnt/c/Program Files/Microsoft SQL Server/Client SDK/ODBC/170/Tools/Binn/:/mnt/c/Program Files (x86)/Microsoft SQL Server/150/Tools/Binn/:/mnt/c/Program Files/Microsoft SQL Server/150/Tools/Binn/:/mnt/c/Program Files/Microsoft SQL Server/150/DTS/Binn/:/mnt/c/Git/cmd:/mnt/c/Program Files (x86)/Windows Kits/10/Windows Performance Toolkit/:/mnt/c/Program Files/CMake/bin:/mnt/c/Program Files/Git/cmd:/mnt/c/Program Files/Microsoft Visual Studio/2022/Community/VC/Tools/MSVC/14.37.32822/bin/Hostx64/x64:/mnt/c/Program Files/eSpeak NG/:/mnt/c/Program Files/NVIDIA Corporation/Nsight Compute 2019.1/:/mnt/c/Program Files/Graphviz/bin:/mnt/c/ProgramFiles/LLVM/bin:/mnt/c/ProgramData/nvm:/mnt/c/Program Files/nodejs:/mnt/c/Program Files/7-Zip:/mnt/c/Program Files/Amazon/AWSCLIV2/:/mnt/c/Program Files/Docker/Docker/resources/bin:/mnt/c/Program Files/RedHat/Podman/:/mnt/c/Program Files/nodejs/:/mnt/c/Users/sergi/AppData/Local/Programs/Python/Python311/:/mnt/c/Users/sergi/AppData/Local/Programs/Python/Python311/Scripts/:/mnt/c/Program Files/PowerShell/7/:/mnt/c/zig:/mnt/c/terminals/WezTerm:/mnt/c/Program Files/GitHub CLI/:/mnt/c/terminals/extra:/mnt/c/Users/sergi/AppData/Local/Programs/Python/Python311/Scripts/:/mnt/c/Users/sergi/AppData/Local/Programs/Python/Python311/:/mnt/c/Users/sergi/AppData/Local/emsdk:/mnt/c/Users/sergi/AppData/Local/emsdk/upstream/emscripten:/mnt/c/Users/sergi/AppData/Local/pnpm:/mnt/c/Users/sergi/.cargo/bin:/mnt/c/Users/sergi/scoop/shims:/mnt/c/Users/sergi/AppData/Local/Microsoft/WindowsApps:/mnt/c/Users/sergi/AppData/Local/GitHubDesktop/bin:/mnt/c/Program Files/Azure Data Studio/bin:/mnt/c/Users/sergi/AppData/Local/Programs/Microsoft VS Code/bin:/mnt/c/Users/sergi/go/bin:/mnt/c/users/sergi/.local/bin:/mnt/c/Program Files/Java/jre-1.8/bin:/mnt/c/Users/sergi/AppData/Roaming/nvm:/mnt/c/Program Files/OpenSSL-Win64/bin:/mnt/c/vcpkg/vcpkg:/mnt/c/ffmpeg/bin:/mnt/c/Program Files/CMake/bin:/mnt/c/Users/sergi/.nupm:/mnt/c/Program Files/Microsoft Visual Studio/2022/Community/VC/Tools/MSVC/14.37.32822/bin/Hostx64/x64:/mnt/c/pocketnvim:/mnt/c/ProgramFiles/LLVM/bin:/mnt/c/ProgramData/nvm:/mnt/c/Program Files/nodejs:/mnt/c/Program Files/MicroK8s:/mnt/c/Program Files/MicroK8s/kubectl:/mnt/c/Users/sergi/AppData/Roaming/npm:/mnt/c/Users/sergi/.deno/bin:/mnt/c/Program Files/Neovim/bin:/mnt/c/terminals/extra', 'PULSE_SERVER=unix:/mnt/wslg/PulseServer', 'WSL2_GUI_APPS_ENABLED=1', 'LANG=en_US.UTF-8', 'USER=wss', 'WSLENV=', 'HOSTTYPE=x86_64', 'DBUS_SESSION_BUS_ADDRESS=unix:path=/run/user/1000/bus', 'COLORTERM=truecolor', 'SHELL=/bin/bash', 'PWD=/mnt/c/terminals/extra', 'LOGNAME=wss', 'TERM=xterm-256color', 'DISPLAY=:0']

2024-05-25 07:22:32.704 WARN [windows-console-session-backend] WindowsConsolePty.destroy() 
